
> @onwidget/astrowind@1.0.0-beta.38 dev
> astro dev

▶ Astro collects anonymous usage data.
  This information helps us improve Astro.
  Run "astro telemetry disable" to opt-out.
  https://astro.build/telemetry

(node:668) [DEP0180] DeprecationWarning: fs.Stats constructor is deprecated.
(Use `node --trace-deprecation ...` to show where the warning was created)
08:27:30 [astrowind] Astrowind `./src/config.yaml` has been loaded.
08:27:30 [types] Added src/env.d.ts type declarations.

 astro  v4.11.0 ready in 1557 ms

┃ Local    http://localhost:4321/
┃ Network  use --host to expose

08:27:30 watching for file changes...

 update  ▶ New version of Astro available: 4.11.5
  Run npx @astrojs/upgrade to update

08:27:30 Configuration file updated. Restarting...
08:27:31 [astrowind] Astrowind `./src/config.yaml` has been loaded.
08:27:31 [types] Added src/env.d.ts type declarations.
(node:668) Warning: To load an ES module, set "type": "module" in the package.json or use the .mjs extension.
(node:668) Warning: To load an ES module, set "type": "module" in the package.json or use the .mjs extension.
08:28:19 [astro-icon] Loaded icons from flat-color-icons, tabler
08:28:20 [200] / 18ms
08:28:22 [200] /_image 1152ms

> @onwidget/astrowind@1.0.0-beta.38 dev
> astro dev

▶ Astro collects anonymous usage data.
  This information helps us improve Astro.
  Run "astro telemetry disable" to opt-out.
  https://astro.build/telemetry

(node:661) [DEP0180] DeprecationWarning: fs.Stats constructor is deprecated.
(Use `node --trace-deprecation ...` to show where the warning was created)
08:31:30 [astrowind] Astrowind `./src/config.yaml` has been loaded.
08:31:30 [types] Added src/env.d.ts type declarations.

 astro  v4.11.0 ready in 965 ms

┃ Local    http://localhost:4321/
┃ Network  use --host to expose

08:31:30 watching for file changes...
